2023-08-15 21:19:04,819 - INFO - ====== WebDriver manager ======
2023-08-15 21:19:05,263 - INFO - Driver [C:\Users\Usuário\.wdm\drivers\chromedriver\win32\114.0.5735\chromedriver.exe] found in cache
2023-08-15 21:19:09,945 - INFO - Accepting terms
2023-08-15 21:19:15,136 - INFO - Closing cookies popup
2023-08-15 21:19:16,208 - INFO - Filtering sections: ['Books', 'Fashion', 'Movies', 'Opinion', 'U.S.']
2023-08-15 21:19:17,390 - INFO - Selecting Books
2023-08-15 21:19:17,625 - INFO - Selecting Movies
2023-08-15 21:19:17,802 - INFO - Selecting Opinion
2023-08-15 21:19:18,991 - INFO - Getting info from cards
2023-08-15 21:19:18,994 - INFO - Click in show more results
2023-08-15 21:19:20,188 - INFO - Collected info from card: {'title': 'Essential Neil Gaiman and A.I. Book Freakout', 'description': 'Where to start with one of today’s most prolific and beloved fantasy writers, and the robot who wrote a murder mystery.', 'date': 'May 19', 'pic_url': 'https://static01.nyt.com/images/2023/05/12/books/review/Essentials-GAIMAN/Essentials-GAIMAN-threeByTwoSmallAt2X.jpg?quality=75&auto=webp&disable=upscale', 'pic_file_name': 'Essentials-GAIMAN-thumbWide.jpg', 'day': '', 'month': '', 'year': '', 'money_bool': False, 'count_search_phrase': 0}
2023-08-15 21:19:20,251 - INFO - Collected info from card: {'title': '6 Paperbacks to Read This Week', 'description': 'Recommended releases from the Book Review, including Mieko Kawakami, Colin Barrett and more.', 'date': 'May 19', 'pic_url': 'https://static01.nyt.com/images/2023/05/19/books/19PAPERROW-BURST-PROMO/19PAPERROW-BURST-PROMO-threeByTwoSmallAt2X.jpg?quality=75&auto=webp&disable=upscale', 'pic_file_name': '19PAPERROW-BURST-PROMO-thumbWide.jpg', 'day': '', 'month': '', 'year': '', 'money_bool': False, 'count_search_phrase': 0}
2023-08-15 21:19:20,316 - INFO - Collected info from card: {'title': 'The Essential Neil Gaiman', 'description': 'The man behind the landmark reboot of “The Sandman” comic (and Netflix series) is going strong after decades of writing in just about every format. Here’s where to get started with his books for adults.', 'date': 'May 17', 'pic_url': 'https://static01.nyt.com/images/2023/05/12/books/review/Essentials-GAIMAN/Essentials-GAIMAN-threeByTwoSmallAt2X.jpg?quality=75&auto=webp&disable=upscale', 'pic_file_name': 'Essentials-GAIMAN-thumbWide.jpg', 'day': '', 'month': '', 'year': '', 'money_bool': False, 'count_search_phrase': 0}
2023-08-15 21:19:20,380 - INFO - Collected info from card: {'title': 'Angie Thomas’s Middle Grade Debut Celebrates Black Girl Magic', 'description': 'In “The Manifestor Prophecy,” 12-year-old Nic Blake draws supernatural strength from her “Remarkable” African American forebears.', 'date': 'April 4', 'pic_url': 'https://static01.nyt.com/images/2023/04/16/books/review/16-BKS-THOMAS/16-BKS-THOMAS-threeByTwoSmallAt2X-v5.jpg?quality=75&auto=webp&disable=upscale', 'pic_file_name': '16-BKS-THOMAS-thumbWide-v5.jpg', 'day': '', 'month': '', 'year': '', 'money_bool': False, 'count_search_phrase': 0}
2023-08-15 21:19:20,386 - ERROR - Error extracting info from card. Msg: Message: no such element: Unable to locate element: {"method":"css selector","selector":"h4"}
  (Session info: chrome=115.0.5790.171)

2023-08-15 21:19:20,528 - INFO - Collected info from card: {'title': 'Salman Rushdie Has a New Book, and a Message: ‘Words Are the Only Victors’', 'description': 'Nearly six months after he was brutally attacked, Rushdie is recovering and releasing a new novel, with the literary world rallying to his side.', 'date': 'Jan. 25', 'pic_url': 'https://static01.nyt.com/images/2023/01/24/multimedia/24Rushdie1-wgfl/24Rushdie1-wgfl-threeByTwoSmallAt2X.jpg?quality=75&auto=webp&disable=upscale', 'pic_file_name': '24Rushdie1-wgfl-thumbWide.jpg', 'day': '', 'month': '', 'year': '', 'money_bool': False, 'count_search_phrase': 0}
2023-08-15 21:19:20,605 - INFO - Collected info from card: {'title': '‘Love and Rockets,’ a Series that Helped Redefine Comics, Turns 40', 'description': 'With its Chicana punk rockers and panels of untranslated Spanish, “Rockets” was unlike anything else — and, it turns out, just what the world of comics was craving.', 'date': 'Nov. 19, 2022', 'pic_url': 'https://static01.nyt.com/images/2022/11/10/books/00Hernandezbrothers-topart/00Hernandezbrothers-topart-threeByTwoSmallAt2X.jpg?quality=75&auto=webp&disable=upscale', 'pic_file_name': '00Hernandezbrothers-topart-thumbWide.jpg', 'day': '', 'month': '', 'year': '', 'money_bool': False, 'count_search_phrase': 0}
2023-08-15 21:19:20,638 - ERROR - Error extracting info from card. Msg: list index out of range
2023-08-15 21:19:20,704 - INFO - Collected info from card: {'title': 'Fredrik Backman Has Learned to Read While Distracted', 'description': '“I have kids and a dog,” says the Swedish novelist, whose new book is “The Winners,” “so my dreams of a reading experience are limited to just being left alone for 10 minutes just about anywhere.”', 'date': 'Sept. 29, 2022', 'pic_url': 'https://static01.nyt.com/images/2022/10/02/books/review/02ByTheBook-BACKMAN/02ByTheBook-BACKMAN-threeByTwoSmallAt2X.jpg?quality=75&auto=webp&disable=upscale', 'pic_file_name': '02ByTheBook-BACKMAN-thumbWide.jpg', 'day': '', 'month': '', 'year': '', 'money_bool': False, 'count_search_phrase': 0}
2023-08-15 21:19:20,771 - INFO - Collected info from card: {'title': 'How About We Just Don’t Watch the ‘Game of Thrones’ Prequel?', 'description': 'We don’t have to submit to what the entertainment industry’s overlords have decreed will be the Next Big Thing.', 'date': 'Aug. 20, 2022', 'pic_url': 'https://static01.nyt.com/images/2022/08/20/multimedia/20Scott_1/20Scott_1-threeByTwoSmallAt2X.jpg?quality=75&auto=webp&disable=upscale', 'pic_file_name': '20Scott_1-thumbWide.jpg', 'day': '', 'month': '', 'year': '', 'money_bool': False, 'count_search_phrase': 0}
2023-08-15 21:19:20,846 - INFO - Collected info from card: {'title': 'Stop Pretending All Books Are Written in English', 'description': 'Publishers routinely omit the names of translators.', 'date': 'May 29, 2022', 'pic_url': 'https://static01.nyt.com/images/2022/05/30/opinion/29paul1/29paul1-threeByTwoSmallAt2X.jpg?quality=75&auto=webp&disable=upscale', 'pic_file_name': '29paul1-thumbWide.jpg', 'day': '', 'month': '', 'year': '', 'money_bool': False, 'count_search_phrase': 0}
2023-08-15 21:19:20,919 - INFO - Collected info from card: {'title': 'The 50 Best Movies on Max Right Now', 'description': 'In addition to new Warner and HBO films, the streamer has a treasure trove of Golden Age classics, indie flicks and foreign films. Start with these.', 'date': 'May 17, 2022', 'pic_url': 'https://static01.nyt.com/images/2022/03/23/arts/00best-hbo-max-2001/merlin_138188667_8fa7488a-4c5c-4c90-b97f-fb80c1a4e905-threeByTwoSmallAt2X.jpg?quality=75&auto=webp&disable=upscale', 'pic_file_name': 'merlin_138188667_8fa7488a-4c5c-4c90-b97f-fb80c1a4e905-thumbWide.jpg', 'day': '', 'month': '', 'year': '', 'money_bool': False, 'count_search_phrase': 0}
2023-08-15 21:19:20,987 - INFO - Collected info from card: {'title': 'The Land of the Ice and Snow', 'description': 'In “Extreme North,” Bernd Brunner explores the idea of what “the north” means to different cultures — and why.', 'date': 'March 12, 2022', 'pic_url': 'https://static01.nyt.com/images/2022/04/03/books/review/10Schillinger/10Schillinger-threeByTwoSmallAt2X.jpg?quality=75&auto=webp&disable=upscale', 'pic_file_name': '10Schillinger-thumbWide.jpg', 'day': '', 'month': '', 'year': '', 'money_bool': False, 'count_search_phrase': 0}
2023-08-15 21:19:21,051 - INFO - Collected info from card: {'title': 'Shining a Spotlight on the Art of Translation', 'description': 'Jennifer Croft, who translates the Nobel Prize-winning Polish novelist Olga Tokarczuk, is leading a push for her peers and their work to receive more recognition.', 'date': 'Feb. 11, 2022', 'pic_url': 'https://static01.nyt.com/images/2022/02/08/books/00translate/00translate-threeByTwoSmallAt2X.jpg?quality=75&auto=webp&disable=upscale', 'pic_file_name': '00translate-thumbWide.jpg', 'day': '', 'month': '', 'year': '', 'money_bool': False, 'count_search_phrase': 0}
2023-08-15 21:19:21,116 - INFO - Collected info from card: {'title': 'The First English Translation of Hayao Miyazaki’s Favorite Childhood Book', 'description': 'Genzaburo Yoshino’s novel “How Do You Live?” may be the basis for the award-winning animator’s final film.', 'date': 'Nov. 12, 2021', 'pic_url': 'https://static01.nyt.com/images/2021/11/12/books/12Yoshino_Kids/12Yoshino_Kids-threeByTwoSmallAt2X.jpg?quality=75&auto=webp&disable=upscale', 'pic_file_name': '12Yoshino_Kids-thumbWide.jpg', 'day': '', 'month': '', 'year': '', 'money_bool': False, 'count_search_phrase': 0}
2023-08-15 21:19:21,124 - ERROR - Error extracting info from card. Msg: Message: no such element: Unable to locate element: {"method":"css selector","selector":"h4"}
  (Session info: chrome=115.0.5790.171)

2023-08-15 21:19:21,221 - INFO - Collected info from card: {'title': 'Erik Larson Has a Scary Story He’d Like You to Hear', 'description': 'After years writing nonfiction, he is now the author of a made-up tale about ghost-hunting that will only be sold as an audiobook.', 'date': 'July 29, 2021', 'pic_url': 'https://static01.nyt.com/images/2021/07/31/arts/00Larson/merlin_191245437_8115b05d-a9d1-45fc-8015-9810e4dd0dc6-threeByTwoSmallAt2X.jpg?quality=75&auto=webp&disable=upscale', 'pic_file_name': 'merlin_191245437_8115b05d-a9d1-45fc-8015-9810e4dd0dc6-thumbWide.jpg', 'day': '', 'month': '', 'year': '', 'money_bool': False, 'count_search_phrase': 0}
2023-08-15 21:19:21,305 - INFO - Collected info from card: {'title': '11 Summer Graphic Novels for Early and Middle-Grade Readers', 'description': 'From flashlight-under-the-blanket page-turners and music-infused time travel to a campy book about camp, here are 11 summer novels for comics-hungry kids.', 'date': 'June 24, 2021', 'pic_url': 'https://static01.nyt.com/images/2021/05/28/books/28KIDS-SUMMER-BOOKS-COMBO/28KIDS-SUMMER-BOOKS-COMBO-threeByTwoSmallAt2X.jpg?quality=75&auto=webp&disable=upscale', 'pic_file_name': '28KIDS-SUMMER-BOOKS-COMBO-thumbWide.jpg', 'day': '', 'month': '', 'year': '', 'money_bool': False, 'count_search_phrase': 0}
2023-08-15 21:19:21,432 - INFO - Collected info from card: {'title': 'Now Sparks Can Confuse Fans on the Big Screen', 'description': 'The musical brothers Ron and Russell Mael are known for catchy songs and perplexing shifts. But they longed to be in films. This summer they’re part of two.', 'date': 'June 18, 2021', 'pic_url': 'https://static01.nyt.com/images/2021/06/20/arts/20sparks-doc5/20sparks-doc5-threeByTwoSmallAt2X.jpg?quality=75&auto=webp&disable=upscale', 'pic_file_name': '20sparks-doc5-thumbWide.jpg', 'day': '', 'month': '', 'year': '', 'money_bool': False, 'count_search_phrase': 0}
2023-08-15 21:19:21,500 - INFO - Collected info from card: {'title': '‘The Sparks Brothers’ Review: Yes, They’re Real. And Inexplicable.', 'description': 'Edgar Wright knows Sparks and you will too, once you see his documentary about this singular cultural phenomenon.', 'date': 'June 17, 2021', 'pic_url': 'https://static01.nyt.com/images/2021/06/18/arts/14SPARKS-REVIEW/14SPARKS-REVIEW-threeByTwoSmallAt2X.jpg?quality=75&auto=webp&disable=upscale', 'pic_file_name': '14SPARKS-REVIEW-thumbWide.jpg', 'day': '', 'month': '', 'year': '', 'money_bool': False, 'count_search_phrase': 0}
2023-08-15 21:19:21,564 - INFO - Collected info from card: {'title': 'Into the Woods', 'description': 'In Gavriel Savit’s “The Way Back,” a National Book Award finalist, two children leave their shtetl and venture to the Far Country.', 'date': 'Nov. 13, 2020', 'pic_url': 'https://static01.nyt.com/images/2020/11/22/books/review/22-BKS-INGALL/22-BKS-INGALL-threeByTwoSmallAt2X.jpg?quality=75&auto=webp&disable=upscale', 'pic_file_name': '22-BKS-INGALL-thumbWide.jpg', 'day': '', 'month': '', 'year': '', 'money_bool': False, 'count_search_phrase': 0}
2023-08-15 21:19:21,629 - INFO - Collected info from card: {'title': 'How Do You Translate a Comic Book Into Audio? Ask Neil Gaiman', 'description': 'In a new audio production, James McAvoy, Michael Sheen and a full cast give voice to “The Sandman.”', 'date': 'July 15, 2020', 'pic_url': 'https://static01.nyt.com/images/2020/08/16/books/review/15Phillips/merlin_154990812_09eb3fee-9da4-457d-95fa-4713a573695f-threeByTwoSmallAt2X.jpg?quality=75&auto=webp&disable=upscale', 'pic_file_name': 'merlin_154990812_09eb3fee-9da4-457d-95fa-4713a573695f-thumbWide.jpg', 'day': '', 'month': '', 'year': '', 'money_bool': False, 'count_search_phrase': 0}
2023-08-15 21:19:21,629 - INFO - Getting dates
2023-08-15 21:19:21,629 - INFO - Getting bool for money occurences in title and description
2023-08-15 21:19:21,630 - INFO - Counting search phrases in title or description
2023-08-15 21:19:21,636 - INFO - Downloading pic: Essentials-GAIMAN-thumbWide.jpg
2023-08-15 21:19:21,749 - INFO - Downloading pic: 19PAPERROW-BURST-PROMO-thumbWide.jpg
2023-08-15 21:19:21,947 - INFO - Downloading pic: Essentials-GAIMAN-thumbWide.jpg
2023-08-15 21:19:22,023 - INFO - Downloading pic: 16-BKS-THOMAS-thumbWide-v5.jpg
2023-08-15 21:19:22,213 - INFO - Downloading pic: 24Rushdie1-wgfl-thumbWide.jpg
2023-08-15 21:19:22,409 - INFO - Downloading pic: 00Hernandezbrothers-topart-thumbWide.jpg
2023-08-15 21:19:22,722 - INFO - Downloading pic: 02ByTheBook-BACKMAN-thumbWide.jpg
2023-08-15 21:19:22,913 - INFO - Downloading pic: 20Scott_1-thumbWide.jpg
2023-08-15 21:19:23,128 - INFO - Downloading pic: 29paul1-thumbWide.jpg
2023-08-15 21:19:23,309 - INFO - Downloading pic: merlin_138188667_8fa7488a-4c5c-4c90-b97f-fb80c1a4e905-thumbWide.jpg
2023-08-15 21:19:23,530 - INFO - Downloading pic: 10Schillinger-thumbWide.jpg
2023-08-15 21:19:23,780 - INFO - Downloading pic: 00translate-thumbWide.jpg
2023-08-15 21:19:24,051 - INFO - Downloading pic: 12Yoshino_Kids-thumbWide.jpg
2023-08-15 21:19:24,343 - INFO - Downloading pic: merlin_191245437_8115b05d-a9d1-45fc-8015-9810e4dd0dc6-thumbWide.jpg
2023-08-15 21:19:24,778 - INFO - Downloading pic: 28KIDS-SUMMER-BOOKS-COMBO-thumbWide.jpg
2023-08-15 21:19:25,012 - INFO - Downloading pic: 20sparks-doc5-thumbWide.jpg
2023-08-15 21:19:25,333 - INFO - Downloading pic: 14SPARKS-REVIEW-thumbWide.jpg
2023-08-15 21:19:25,516 - INFO - Downloading pic: 22-BKS-INGALL-thumbWide.jpg
2023-08-15 21:19:25,733 - INFO - Downloading pic: merlin_154990812_09eb3fee-9da4-457d-95fa-4713a573695f-thumbWide.jpg
2023-08-15 21:19:30,963 - INFO - Exporting results to Excel file: 20230815_211904.xlsx
